app/build/intermediates/manifest_merge_blame_file/debug/processDebugMainManifest/manifest-merger-blame-debug-report.txt
1<?xml version="1.0" encoding="utf-8"?>
2<manifest xmlns:android="http://schemas.android.com/apk/res/android"
3    package="com.mamvid.kiosko"
4    android:versionCode="1"
5    android:versionName="1.0.0" >
6
7    <uses-sdk
8        android:minSdkVersion="26"
9        android:targetSdkVersion="35" />
10
11    <uses-permission android:name="android.permission.INTERNET" />
11-->src/main/AndroidManifest.xml:5:5-67
11-->src/main/AndroidManifest.xml:5:22-64
12    <uses-permission android:name="android.permission.ACCESS_NETWORK_STATE" />
12-->src/main/AndroidManifest.xml:6:5-79
12-->src/main/AndroidManifest.xml:6:22-76
13    <uses-permission android:name="android.permission.WAKE_LOCK" />
13-->src/main/AndroidManifest.xml:7:5-68
13-->src/main/AndroidManifest.xml:7:22-65
14    <uses-permission android:name="android.permission.RECEIVE_BOOT_COMPLETED" />
14-->src/main/AndroidManifest.xml:8:5-81
14-->src/main/AndroidManifest.xml:8:22-78
15    <uses-permission
15-->src/main/AndroidManifest.xml:9:5-10:38
16        android:name="android.permission.READ_EXTERNAL_STORAGE"
16-->src/main/AndroidManifest.xml:9:22-77
17        android:maxSdkVersion="32" />
17-->src/main/AndroidManifest.xml:10:9-35
18    <uses-permission
18-->src/main/AndroidManifest.xml:11:5-12:38
19        android:name="android.permission.WRITE_EXTERNAL_STORAGE"
19-->src/main/AndroidManifest.xml:11:22-78
20        android:maxSdkVersion="28" />
20-->src/main/AndroidManifest.xml:12:9-35
21    <uses-permission android:name="android.permission.READ_MEDIA_IMAGES" />
21-->src/main/AndroidManifest.xml:13:5-76
21-->src/main/AndroidManifest.xml:13:22-73
22    <uses-permission android:name="android.permission.READ_MEDIA_VIDEO" />
22-->src/main/AndroidManifest.xml:14:5-75
22-->src/main/AndroidManifest.xml:14:22-72
23    <uses-permission android:name="android.permission.CAMERA" />
23-->src/main/AndroidManifest.xml:15:5-65
23-->src/main/AndroidManifest.xml:15:22-62
24    <uses-permission android:name="android.permission.SYSTEM_ALERT_WINDOW" />
24-->src/main/AndroidManifest.xml:16:5-78
24-->src/main/AndroidManifest.xml:16:22-75
25
26    <permission
26-->[androidx.core:core:1.13.1] AndroidManifest.xml:22:5-24:47
27        android:name="com.mamvid.kiosko.DYNAMIC_RECEIVER_NOT_EXPORTED_PERMISSION"
27-->[androidx.core:core:1.13.1] AndroidManifest.xml:23:9-81
28        android:protectionLevel="signature" />
28-->[androidx.core:core:1.13.1] AndroidManifest.xml:24:9-44
29
30    <uses-permission android:name="com.mamvid.kiosko.DYNAMIC_RECEIVER_NOT_EXPORTED_PERMISSION" />
30-->[androidx.core:core:1.13.1] AndroidManifest.xml:26:5-97
30-->[androidx.core:core:1.13.1] AndroidManifest.xml:26:22-94
31
32    <application
32-->src/main/AndroidManifest.xml:18:5-71:19
33        android:name="com.mamvid.kiosko.KioskoApplication"
33-->src/main/AndroidManifest.xml:19:9-42
34        android:allowBackup="false"
34-->src/main/AndroidManifest.xml:20:9-36
35        android:appComponentFactory="androidx.core.app.CoreComponentFactory"
35-->[androidx.core:core:1.13.1] AndroidManifest.xml:28:18-86
36        android:dataExtractionRules="@xml/data_extraction_rules"
36-->src/main/AndroidManifest.xml:21:9-65
37        android:debuggable="true"
38        android:extractNativeLibs="false"
39        android:fullBackupContent="false"
39-->src/main/AndroidManifest.xml:22:9-42
40        android:hardwareAccelerated="true"
40-->src/main/AndroidManifest.xml:29:9-43
41        android:icon="@mipmap/ic_launcher"
41-->src/main/AndroidManifest.xml:23:9-43
42        android:label="@string/app_name"
42-->src/main/AndroidManifest.xml:25:9-41
43        android:largeHeap="true"
43-->src/main/AndroidManifest.xml:30:9-33
44        android:networkSecurityConfig="@xml/network_security_config"
44-->src/main/AndroidManifest.xml:26:9-69
45        android:roundIcon="@mipmap/ic_launcher_round"
45-->src/main/AndroidManifest.xml:24:9-54
46        android:supportsRtl="true"
46-->src/main/AndroidManifest.xml:27:9-35
47        android:theme="@style/Theme.Kiosko" >
47-->src/main/AndroidManifest.xml:28:9-44
48        <activity
48-->src/main/AndroidManifest.xml:33:9-45:20
49            android:name="com.mamvid.kiosko.presentation.splash.SplashActivity"
49-->src/main/AndroidManifest.xml:34:13-63
50            android:exported="true"
50-->src/main/AndroidManifest.xml:35:13-36
51            android:screenOrientation="unspecified"
51-->src/main/AndroidManifest.xml:36:13-52
52            android:theme="@style/Theme.Kiosko.Splash"
52-->src/main/AndroidManifest.xml:38:13-55
53            android:windowSoftInputMode="adjustResize" >
53-->src/main/AndroidManifest.xml:37:13-55
54            <intent-filter>
54-->src/main/AndroidManifest.xml:39:13-44:29
55                <action android:name="android.intent.action.MAIN" />
55-->src/main/AndroidManifest.xml:40:17-69
55-->src/main/AndroidManifest.xml:40:25-66
56
57                <category android:name="android.intent.category.LAUNCHER" />
57-->src/main/AndroidManifest.xml:41:17-77
57-->src/main/AndroidManifest.xml:41:27-74
58                <category android:name="android.intent.category.HOME" />
58-->src/main/AndroidManifest.xml:42:17-73
58-->src/main/AndroidManifest.xml:42:27-70
59                <category android:name="android.intent.category.DEFAULT" />
59-->src/main/AndroidManifest.xml:43:17-76
59-->src/main/AndroidManifest.xml:43:27-73
60            </intent-filter>
61        </activity>
62        <activity
62-->src/main/AndroidManifest.xml:47:9-53:58
63            android:name="com.mamvid.kiosko.presentation.main.MainActivity"
63-->src/main/AndroidManifest.xml:48:13-59
64            android:configChanges="orientation|screenSize|keyboardHidden|screenLayout|uiMode"
64-->src/main/AndroidManifest.xml:50:13-94
65            android:exported="false"
65-->src/main/AndroidManifest.xml:49:13-37
66            android:launchMode="singleInstance"
66-->src/main/AndroidManifest.xml:51:13-48
67            android:screenOrientation="unspecified"
67-->src/main/AndroidManifest.xml:52:13-52
68            android:windowSoftInputMode="adjustResize" />
68-->src/main/AndroidManifest.xml:53:13-55
69        <activity
69-->src/main/AndroidManifest.xml:55:9-59:58
70            android:name="com.mamvid.kiosko.presentation.admin.AdminActivity"
70-->src/main/AndroidManifest.xml:56:13-61
71            android:exported="false"
71-->src/main/AndroidManifest.xml:57:13-37
72            android:theme="@style/Theme.Kiosko.Admin"
72-->src/main/AndroidManifest.xml:58:13-54
73            android:windowSoftInputMode="adjustResize" />
73-->src/main/AndroidManifest.xml:59:13-55
74
75        <provider
76            android:name="androidx.core.content.FileProvider"
76-->src/main/AndroidManifest.xml:62:13-62
77            android:authorities="com.mamvid.kiosko.fileprovider"
77-->src/main/AndroidManifest.xml:63:13-64
78            android:exported="false"
78-->src/main/AndroidManifest.xml:64:13-37
79            android:grantUriPermissions="true" >
79-->src/main/AndroidManifest.xml:65:13-47
80            <meta-data
80-->src/main/AndroidManifest.xml:66:13-68:63
81                android:name="android.support.FILE_PROVIDER_PATHS"
81-->src/main/AndroidManifest.xml:67:17-67
82                android:resource="@xml/file_provider_paths" />
82-->src/main/AndroidManifest.xml:68:17-60
83        </provider>
84        <provider
84-->[androidx.emoji2:emoji2:1.3.0] AndroidManifest.xml:24:9-32:20
85            android:name="androidx.startup.InitializationProvider"
85-->[androidx.emoji2:emoji2:1.3.0] AndroidManifest.xml:25:13-67
86            android:authorities="com.mamvid.kiosko.androidx-startup"
86-->[androidx.emoji2:emoji2:1.3.0] AndroidManifest.xml:26:13-68
87            android:exported="false" >
87-->[androidx.emoji2:emoji2:1.3.0] AndroidManifest.xml:27:13-37
88            <meta-data
88-->[androidx.emoji2:emoji2:1.3.0] AndroidManifest.xml:29:13-31:52
89                android:name="androidx.emoji2.text.EmojiCompatInitializer"
89-->[androidx.emoji2:emoji2:1.3.0] AndroidManifest.xml:30:17-75
90                android:value="androidx.startup" />
90-->[androidx.emoji2:emoji2:1.3.0] AndroidManifest.xml:31:17-49
91            <meta-data
91-->[androidx.lifecycle:lifecycle-process:2.8.7] AndroidManifest.xml:29:13-31:52
92                android:name="androidx.lifecycle.ProcessLifecycleInitializer"
92-->[androidx.lifecycle:lifecycle-process:2.8.7] AndroidManifest.xml:30:17-78
93                android:value="androidx.startup" />
93-->[androidx.lifecycle:lifecycle-process:2.8.7] AndroidManifest.xml:31:17-49
94            <meta-data
94-->[androidx.profileinstaller:profileinstaller:1.4.0] AndroidManifest.xml:29:13-31:52
95                android:name="androidx.profileinstaller.ProfileInstallerInitializer"
95-->[androidx.profileinstaller:profileinstaller:1.4.0] AndroidManifest.xml:30:17-85
96                android:value="androidx.startup" />
96-->[androidx.profileinstaller:profileinstaller:1.4.0] AndroidManifest.xml:31:17-49
97        </provider>
98
99        <receiver
99-->[androidx.profileinstaller:profileinstaller:1.4.0] AndroidManifest.xml:34:9-52:20
100            android:name="androidx.profileinstaller.ProfileInstallReceiver"
100-->[androidx.profileinstaller:profileinstaller:1.4.0] AndroidManifest.xml:35:13-76
101            android:directBootAware="false"
101-->[androidx.profileinstaller:profileinstaller:1.4.0] AndroidManifest.xml:36:13-44
102            android:enabled="true"
102-->[androidx.profileinstaller:profileinstaller:1.4.0] AndroidManifest.xml:37:13-35
103            android:exported="true"
103-->[androidx.profileinstaller:profileinstaller:1.4.0] AndroidManifest.xml:38:13-36
104            android:permission="android.permission.DUMP" >
104-->[androidx.profileinstaller:profileinstaller:1.4.0] AndroidManifest.xml:39:13-57
105            <intent-filter>
105-->[androidx.profileinstaller:profileinstaller:1.4.0] AndroidManifest.xml:40:13-42:29
106                <action android:name="androidx.profileinstaller.action.INSTALL_PROFILE" />
106-->[androidx.profileinstaller:profileinstaller:1.4.0] AndroidManifest.xml:41:17-91
106-->[androidx.profileinstaller:profileinstaller:1.4.0] AndroidManifest.xml:41:25-88
107            </intent-filter>
108            <intent-filter>
108-->[androidx.profileinstaller:profileinstaller:1.4.0] AndroidManifest.xml:43:13-45:29
109                <action android:name="androidx.profileinstaller.action.SKIP_FILE" />
109-->[androidx.profileinstaller:profileinstaller:1.4.0] AndroidManifest.xml:44:17-85
109-->[androidx.profileinstaller:profileinstaller:1.4.0] AndroidManifest.xml:44:25-82
110            </intent-filter>
111            <intent-filter>
111-->[androidx.profileinstaller:profileinstaller:1.4.0] AndroidManifest.xml:46:13-48:29
112                <action android:name="androidx.profileinstaller.action.SAVE_PROFILE" />
112-->[androidx.profileinstaller:profileinstaller:1.4.0] AndroidManifest.xml:47:17-88
112-->[androidx.profileinstaller:profileinstaller:1.4.0] AndroidManifest.xml:47:25-85
113            </intent-filter>
114            <intent-filter>
114-->[androidx.profileinstaller:profileinstaller:1.4.0] AndroidManifest.xml:49:13-51:29
115                <action android:name="androidx.profileinstaller.action.BENCHMARK_OPERATION" />
115-->[androidx.profileinstaller:profileinstaller:1.4.0] AndroidManifest.xml:50:17-95
115-->[androidx.profileinstaller:profileinstaller:1.4.0] AndroidManifest.xml:50:25-92
116            </intent-filter>
117        </receiver>
118    </application>
119
120</manifest>